<?xml version="1.0" encoding="UTF-8"?>
<testsuites>
  <testsuite id="0" name="/home/michiel/learning/bigchaindb/divisible-assets/test/app.test.js" errors="0" package="/home/michiel/learning/bigchaindb/divisible-assets/test/app.test.js" hostname="localhost" tests="1" failures="0" time="7.925" timestamp="2017-10-05T14:06:24">
    <properties>
    </properties>
    <testcase classname="Counting output amounts divisible asset" name="It should return the correct amounts corresponding the publicKeys" time="0">
    </testcase>
    <system-out/>
    <system-err/>
  </testsuite>
</testsuites>